[0415/134917.605:VERBOSE1:pref_proxy_config_tracker_impl.cc(151)] 000000003183B920: set chrome proxy config service to 00000000319457E0
[0415/134917.605:VERBOSE1:pref_proxy_config_tracker_impl.cc(278)] 000000003183B920: Done pushing proxy to UpdateProxyConfig
[0415/134917.605:VERBOSE1:multi_log_ct_verifier.cc(75)] Adding CT log: Google 'Pilot' log
[0415/134917.605:VERBOSE1:multi_log_ct_verifier.cc(75)] Adding CT log: Google 'Aviator' log
[0415/134917.605:VERBOSE1:multi_log_ct_verifier.cc(75)] Adding CT log: DigiCert Log Server
[0415/134917.605:VERBOSE1:multi_log_ct_verifier.cc(75)] Adding CT log: Google 'Rocketeer' log
[0415/134917.605:VERBOSE1:multi_log_ct_verifier.cc(75)] Adding CT log: Symantec log
[0415/134917.605:VERBOSE1:multi_log_ct_verifier.cc(75)] Adding CT log: Venafi log
[0415/134917.605:VERBOSE1:multi_log_ct_verifier.cc(75)] Adding CT log: Symantec 'Vega' log
[0415/134917.605:VERBOSE1:multi_log_ct_verifier.cc(75)] Adding CT log: CNNIC CT log
[0415/134917.605:VERBOSE1:multi_log_ct_verifier.cc(75)] Adding CT log: WoSign log
[0415/134917.605:VERBOSE1:multi_log_ct_verifier.cc(75)] Adding CT log: StartCom CT log
[0415/134917.605:VERBOSE1:multi_log_ct_verifier.cc(75)] Adding CT log: Google 'Skydiver' log
[0415/134917.605:VERBOSE1:multi_log_ct_verifier.cc(75)] Adding CT log: Google 'Icarus' log
[0415/134917.605:VERBOSE1:multi_log_ct_verifier.cc(75)] Adding CT log: Izenpe log
[0415/134917.605:VERBOSE1:multi_log_ct_verifier.cc(75)] Adding CT log: Certly.IO log
[0415/134917.761:ERROR:child_thread_impl.cc(762)] Request for unknown Channel-associated interface: ui::mojom::GpuMain
[0415/134948.806:VERBOSE1:statistics_recorder.cc(498)] Collections of all histograms
Histogram: GPU.ANGLE.D3D11CreateDeviceMS recorded 1 samples, mean = 16.0 (flags = 0x1)
0   ... 
14  ------------------------------------------------------------------------O (1 = 100.0%) {0.0%}
17  ... 

Histogram: GPU.ANGLE.D3D11FeatureLevel recorded 1 samples, mean = 5.0 (flags = 0x1)
0  ... 
5  ------------------------------------------------------------------------O (1 = 100.0%) {0.0%}
6  O                                                                         (0 = 0.0%) {100.0%}

Histogram: GPU.ANGLE.D3D11InitializeResult recorded 1 samples, mean = 0.0 (flags = 0x1)
0  ------------------------------------------------------------------------O (1 = 100.0%)
1  ... 

Histogram: GPU.ANGLE.DisplayInitializeMS recorded 1 samples, mean = 17.0 (flags = 0x1)
0   ... 
17  ------------------------------------------------------------------------O (1 = 100.0%) {0.0%}
20  ... 

Histogram: GPU.ANGLE.Renderer11InitializeDLLsMS recorded 1 samples, mean = 0.0 (flags = 0x1)
0  ------------------------------------------------------------------------O (1 = 100.0%)
1  ... 

Histogram: GPU.ANGLE.Renderer11InitializeDeviceMS recorded 1 samples, mean = 0.0 (flags = 0x1)
0  ------------------------------------------------------------------------O (1 = 100.0%)
1  ... 

Histogram: GPU.ANGLE.SupportsDXGI1_2 recorded 1 samples, mean = 1.0 (flags = 0x1)
0  O                                                                         (0 = 0.0%)
1  ------------------------------------------------------------------------O (1 = 100.0%) {0.0%}
2  O                                                                         (0 = 0.0%) {100.0%}

Histogram: GPU.CollectContextGraphicsInfo recorded 1 samples, mean = 5.0 (flags = 0x1)
0  ... 
5  ------------------------------------------------------------------------O (1 = 100.0%) {0.0%}
6  ... 

Histogram: GPU.EGLDisplayType recorded 1 samples, mean = 4.0 (flags = 0x1)
0  ... 
4  ------------------------------------------------------------------------O (1 = 100.0%) {0.0%}
5  ... 

Histogram: GPU.InitializeOneOffMediumTime recorded 1 samples, mean = 30.0 (flags = 0x1)
0   ... 
27  ------------------------------------------------------------------------O (1 = 100.0%) {0.0%}
33  ... 

Histogram: GPU.MaxMSAASampleCount recorded 1 samples (flags = 0x1)
8  ------------------------------------------------------------------------O (1 = 100.0%)

Histogram: Mojo.System.GetParentPlatformHandleSyncTime recorded 1 samples, mean = 0.0 (flags = 0x1)
0  ------------------------------------------------------------------------O (1 = 100.0%)
1  ... 

Histogram: Mojo.System.MessagesAcceptedPerEvent recorded 132 samples, mean = 0.9 (flags = 0x1)
0  ------------------------------------------------------------------------O (74 = 56.1%)
1  ------------------------O                                                 (25 = 18.9%) {56.1%}
2  --------------------O                                                     (21 = 15.9%) {75.0%}
3  ----O                                                                     (4 = 3.0%) {90.9%}
4  ------O                                                                   (6 = 4.5%) {93.9%}
5  ... 
8  --O                                                                       (2 = 1.5%) {98.5%}
9  ... 

Histogram: Mojo.System.Node.ConnectedPeers recorded 2 samples, mean = 0.5 (flags = 0x1)
0  ------------------------------------------------------------------------O (1 = 50.0%)
1  ------------------------------------------------------------------------O (1 = 50.0%) {50.0%}
2  ... 

Histogram: Mojo.System.Node.PendingChildren recorded 1 samples, mean = 0.0 (flags = 0x1)
0  ------------------------------------------------------------------------O (1 = 100.0%)
1  ... 

Histogram: TaskScheduler.DetachDuration.SimplePool recorded 0 samples (flags = 0x1)
0 ... 

Histogram: TaskScheduler.NumTasksBeforeDetach.SimplePool recorded 0 samples (flags = 0x1)
0 ... 

Histogram: TaskScheduler.NumTasksBetweenWaits.SimplePool recorded 0 samples (flags = 0x1)
0 ... 

Histogram: TaskScheduler.TaskLatency.BackgroundTaskPriority recorded 0 samples (flags = 0x1)
0 ... 

Histogram: TaskScheduler.TaskLatency.BackgroundTaskPriority.MayBlock recorded 0 samples (flags = 0x1)
0 ... 

Histogram: TaskScheduler.TaskLatency.UserBlockingTaskPriority recorded 0 samples (flags = 0x1)
0 ... 

Histogram: TaskScheduler.TaskLatency.UserBlockingTaskPriority.MayBlock recorded 0 samples (flags = 0x1)
0 ... 

Histogram: TaskScheduler.TaskLatency.UserVisibleTaskPriority recorded 0 samples (flags = 0x1)
0 ... 

Histogram: TaskScheduler.TaskLatency.UserVisibleTaskPriority.MayBlock recorded 0 samples (flags = 0x1)
0 ... 

Histogram: TrackedObjects.GetRetiredOrCreateThreadData recorded 5 samples, mean = 0.0 (flags = 0x1)
0  ------------------------------------------------------------------------O (5 = 100.0%)
1  ... 

Histogram: UMA.Histograms.Activity.gpu-process recorded 77 samples, mean = 4.0 (flags = 0x1)
0  ---O                                                                      (1 = 1.3%)
1  ------------------------------------------------------------------------O (25 = 32.5%) {1.3%}
2  ---O                                                                      (1 = 1.3%) {33.8%}
3  ----------------------------------------------------------O               (20 = 26.0%) {35.1%}
4  ------------O                                                             (4 = 5.2%) {61.0%}
5  ... 
7  ---O                                                                      (1 = 1.3%) {66.2%}
8  ------------------------------------------------------------------------O (25 = 32.5%) {67.5%}
9  ... 

Histogram: V8.Initializer.LoadV8Snapshot.Result recorded 1 samples, mean = 0.0 (flags = 0x1)
0  ------------------------------------------------------------------------O (1 = 100.0%)
1  ... 

Histogram: V8.Initializer.OpenV8File.Result recorded 2 samples, mean = 0.0 (flags = 0x1)
0  ------------------------------------------------------------------------O (2 = 100.0%)
1  ... 


[0615/172922.485:VERBOSE1:pref_proxy_config_tracker_impl.cc(151)] 0000000036B42240: set chrome proxy config service to 0000000036B8FCA0
[0615/172922.500:VERBOSE1:pref_proxy_config_tracker_impl.cc(278)] 0000000036B42240: Done pushing proxy to UpdateProxyConfig
[0615/172922.500:VERBOSE1:multi_log_ct_verifier.cc(75)] Adding CT log: Google 'Pilot' log
[0615/172922.500:VERBOSE1:multi_log_ct_verifier.cc(75)] Adding CT log: Google 'Aviator' log
[0615/172922.500:VERBOSE1:multi_log_ct_verifier.cc(75)] Adding CT log: DigiCert Log Server
[0615/172922.500:VERBOSE1:multi_log_ct_verifier.cc(75)] Adding CT log: Google 'Rocketeer' log
[0615/172922.500:VERBOSE1:multi_log_ct_verifier.cc(75)] Adding CT log: Symantec log
[0615/172922.500:VERBOSE1:multi_log_ct_verifier.cc(75)] Adding CT log: Venafi log
[0615/172922.500:VERBOSE1:multi_log_ct_verifier.cc(75)] Adding CT log: Symantec 'Vega' log
[0615/172922.500:VERBOSE1:multi_log_ct_verifier.cc(75)] Adding CT log: CNNIC CT log
[0615/172922.500:VERBOSE1:multi_log_ct_verifier.cc(75)] Adding CT log: WoSign log
[0615/172922.500:VERBOSE1:multi_log_ct_verifier.cc(75)] Adding CT log: StartCom CT log
[0615/172922.500:VERBOSE1:multi_log_ct_verifier.cc(75)] Adding CT log: Google 'Skydiver' log
[0615/172922.500:VERBOSE1:multi_log_ct_verifier.cc(75)] Adding CT log: Google 'Icarus' log
[0615/172922.500:VERBOSE1:multi_log_ct_verifier.cc(75)] Adding CT log: Izenpe log
[0615/172922.516:VERBOSE1:multi_log_ct_verifier.cc(75)] Adding CT log: Certly.IO log
[0615/172922.860:ERROR:child_thread_impl.cc(762)] Request for unknown Channel-associated interface: ui::mojom::GpuMain
[0615/173041.435:VERBOSE1:statistics_recorder.cc(498)] Collections of all histograms
Histogram: GPU.ANGLE.D3D11CreateDeviceMS recorded 1 samples, mean = 79.0 (flags = 0x1)
0   ... 
68  ------------------------------------------------------------------------O (1 = 100.0%) {0.0%}
81  ... 

Histogram: GPU.ANGLE.D3D11FeatureLevel recorded 1 samples, mean = 5.0 (flags = 0x1)
0  ... 
5  ------------------------------------------------------------------------O (1 = 100.0%) {0.0%}
6  O                                                                         (0 = 0.0%) {100.0%}

Histogram: GPU.ANGLE.D3D11InitializeResult recorded 1 samples, mean = 0.0 (flags = 0x1)
0  ------------------------------------------------------------------------O (1 = 100.0%)
1  ... 

Histogram: GPU.ANGLE.DisplayInitializeMS recorded 1 samples, mean = 82.0 (flags = 0x1)
0   ... 
81  ------------------------------------------------------------------------O (1 = 100.0%) {0.0%}
96  ... 

Histogram: GPU.ANGLE.Renderer11InitializeDLLsMS recorded 1 samples, mean = 0.0 (flags = 0x1)
0  ------------------------------------------------------------------------O (1 = 100.0%)
1  ... 

Histogram: GPU.ANGLE.Renderer11InitializeDeviceMS recorded 1 samples, mean = 2.0 (flags = 0x1)
0  ... 
2  ------------------------------------------------------------------------O (1 = 100.0%) {0.0%}
3  ... 

Histogram: GPU.ANGLE.SupportsDXGI1_2 recorded 1 samples, mean = 1.0 (flags = 0x1)
0  O                                                                         (0 = 0.0%)
1  ------------------------------------------------------------------------O (1 = 100.0%) {0.0%}
2  O                                                                         (0 = 0.0%) {100.0%}

Histogram: GPU.CollectContextGraphicsInfo recorded 1 samples, mean = 3.0 (flags = 0x1)
0  ... 
3  ------------------------------------------------------------------------O (1 = 100.0%) {0.0%}
4  ... 

Histogram: GPU.EGLDisplayType recorded 1 samples, mean = 4.0 (flags = 0x1)
0  ... 
4  ------------------------------------------------------------------------O (1 = 100.0%) {0.0%}
5  ... 

Histogram: GPU.InitializeOneOffMediumTime recorded 1 samples, mean = 89.0 (flags = 0x1)
0   ... 
75  ------------------------------------------------------------------------O (1 = 100.0%) {0.0%}
92  ... 

Histogram: GPU.MaxMSAASampleCount recorded 1 samples (flags = 0x1)
8  ------------------------------------------------------------------------O (1 = 100.0%)

Histogram: Mojo.System.GetParentPlatformHandleSyncTime recorded 1 samples, mean = 0.0 (flags = 0x1)
0  ------------------------------------------------------------------------O (1 = 100.0%)
1  ... 

Histogram: Mojo.System.MessagesAcceptedPerEvent recorded 138 samples, mean = 0.8 (flags = 0x1)
0  ------------------------------------------------------------------------O (81 = 58.7%)
1  --------------------------O                                               (29 = 21.0%) {58.7%}
2  -------------O                                                            (15 = 10.9%) {79.7%}
3  ----O                                                                     (5 = 3.6%) {90.6%}
4  -----O                                                                    (6 = 4.3%) {94.2%}
5  O                                                                         (0 = 0.0%) {98.6%}
6  -O                                                                        (1 = 0.7%) {98.6%}
7  O                                                                         (0 = 0.0%) {99.3%}
8  -O                                                                        (1 = 0.7%) {99.3%}
9  ... 

Histogram: Mojo.System.Node.ConnectedPeers recorded 2 samples, mean = 0.5 (flags = 0x1)
0  ------------------------------------------------------------------------O (1 = 50.0%)
1  ------------------------------------------------------------------------O (1 = 50.0%) {50.0%}
2  ... 

Histogram: Mojo.System.Node.PendingChildren recorded 1 samples, mean = 0.0 (flags = 0x1)
0  ------------------------------------------------------------------------O (1 = 100.0%)
1  ... 

Histogram: TaskScheduler.DetachDuration.SimplePool recorded 0 samples (flags = 0x1)
0 ... 

Histogram: TaskScheduler.NumTasksBeforeDetach.SimplePool recorded 0 samples (flags = 0x1)
0 ... 

Histogram: TaskScheduler.NumTasksBetweenWaits.SimplePool recorded 0 samples (flags = 0x1)
0 ... 

Histogram: TaskScheduler.TaskLatency.BackgroundTaskPriority recorded 0 samples (flags = 0x1)
0 ... 

Histogram: TaskScheduler.TaskLatency.BackgroundTaskPriority.MayBlock recorded 0 samples (flags = 0x1)
0 ... 

Histogram: TaskScheduler.TaskLatency.UserBlockingTaskPriority recorded 0 samples (flags = 0x1)
0 ... 

Histogram: TaskScheduler.TaskLatency.UserBlockingTaskPriority.MayBlock recorded 0 samples (flags = 0x1)
0 ... 

Histogram: TaskScheduler.TaskLatency.UserVisibleTaskPriority recorded 0 samples (flags = 0x1)
0 ... 

Histogram: TaskScheduler.TaskLatency.UserVisibleTaskPriority.MayBlock recorded 0 samples (flags = 0x1)
0 ... 

Histogram: TrackedObjects.GetRetiredOrCreateThreadData recorded 5 samples, mean = 0.0 (flags = 0x1)
0  ------------------------------------------------------------------------O (5 = 100.0%)
1  ... 

Histogram: UMA.Histograms.Activity.gpu-process recorded 76 samples, mean = 4.1 (flags = 0x1)
0  ---O                                                                      (1 = 1.3%)
1  ------------------------------------------------------------------------O (25 = 32.9%) {1.3%}
2  O                                                                         (0 = 0.0%) {34.2%}
3  ----------------------------------------------------------O               (20 = 26.3%) {34.2%}
4  ------------O                                                             (4 = 5.3%) {60.5%}
5  ... 
7  ---O                                                                      (1 = 1.3%) {65.8%}
8  ------------------------------------------------------------------------O (25 = 32.9%) {67.1%}
9  ... 

Histogram: V8.Initializer.LoadV8Snapshot.Result recorded 1 samples, mean = 0.0 (flags = 0x1)
0  ------------------------------------------------------------------------O (1 = 100.0%)
1  ... 

Histogram: V8.Initializer.OpenV8File.Result recorded 2 samples, mean = 0.0 (flags = 0x1)
0  ------------------------------------------------------------------------O (2 = 100.0%)
1  ... 


